--------------------------------------------------------------------------------------------------------------------------------------------------------------------------------------------------------------
       log:  \\odin\desktops\larimerc\Desktop\Replication Dataset for Gerber et al 2008 APSR Social Pressure Study.log
  log type:  text
 opened on:  28 May 2008, 10:44:41

. do "C:\DOCUME~1\larimerc.000\LOCALS~1\Temp\STD00000000.tmp"

. /***********************************************************************/
. /*Replication Dataset for Gerber et al 2008 APSR Social Pressure Study */
. /*Alan Gerber (alan.gerber@yale.edu)                                   */
. /***********************************************************************/
. 
. ****loading data****
. clear

. set mem 450m
(460800k)

. use "\\odin\desktops\larimerc\Desktop\Replication Dataset for Gerber et al 2008 APSR Social Pressure Study.dta", clear

. 
. ****Table 1****
. collapse (max) treatment hh_size (mean) g2002 g2000 p2004 p2002 p2000 sex yob, by(hh_id)

. bysort treatment: sum hh_size g2002 g2000 p2004 p2002 p2000 sex yob

--------------------------------------------------------------------------------------------------------------------------------------------------------------------------------------------------------------
-> treatment = 0

    Variable |       Obs        Mean    Std. Dev.       Min        Max
-------------+--------------------------------------------------------
     hh_size |     99999    1.912449     .720205          1          7
       g2002 |     99999    .8343832    .2939928          0          1
       g2000 |     99999    .8663094     .271285          0          1
       p2004 |     99999    .4166342    .4436803          0          1
       p2002 |     99999    .4086674    .4347576          0          1
-------------+--------------------------------------------------------
       p2000 |     99999    .2648943    .3945437          0          1
         sex |     99999    .5022634    .2728702          0          1
         yob |     99999    1954.686    12.89359       1900       1986

------------------------------------------------------------------------------------------------------------------------------------------------------------------------------------------------------------
-> treatment = 1

    Variable |       Obs        Mean    Std. Dev.       Min        Max
-------------+--------------------------------------------------------
     hh_size |     20002    1.910009     .718314          1          7
       g2002 |     20002    .8356538    .2952804          0          1
       g2000 |     20002    .8667661    .2701362          0          1
       p2004 |     20002     .418783    .4442821          0          1
       p2002 |     20002    .4116509     .435036          0          1
-------------+--------------------------------------------------------
       p2000 |     20002    .2632095    .3934892          0          1
         sex |     20002    .5032186    .2722606          0          1
         yob |     20002    1954.796    12.87326       1908       1984

------------------------------------------------------------------------------------------------------------------------------------------------------------------------------------------------------------
-> treatment = 2

    Variable |       Obs        Mean    Std. Dev.       Min        Max
-------------+--------------------------------------------------------
     hh_size |     20001    1.910804    .7292762          1          8
       g2002 |     20001    .8361486    .2926422          0          1
       g2000 |     20001    .8653876    .2699895          0          1
       p2004 |     20001     .415508    .4441488          0          1
       p2002 |     20001    .4098749    .4352732          0          1
-------------+--------------------------------------------------------
       p2000 |     20001    .2664129    .3959302          0          1
         sex |     20001    .5026961    .2745333          0          1
         yob |     20001    1954.821    12.89478       1906       1986

------------------------------------------------------------------------------------------------------------------------------------------------------------------------------------------------------------
-> treatment = 3

    Variable |       Obs        Mean    Std. Dev.       Min        Max
-------------+--------------------------------------------------------
     hh_size |     20000     1.91005    .7283444          1          7
       g2002 |     20000    .8351493    .2945645          0          1
       g2000 |     20000    .8652502    .2731592          0          1
       p2004 |     20000    .4226518    .4454722          0          1
       p2002 |     20000    .4059617    .4341504          0          1
-------------+--------------------------------------------------------
       p2000 |     20000    .2631342    .3934988          0          1
         sex |     20000    .5045999    .2744406          0          1
         yob |     20000    1954.658    13.02994       1905       1986

------------------------------------------------------------------------------------------------------------------------------------------------------------------------------------------------------------
-> treatment = 4

    Variable |       Obs        Mean    Std. Dev.       Min        Max
-------------+--------------------------------------------------------
     hh_size |     20000      1.9109    .7181831          1          7
       g2002 |     20000    .8352215     .294428          0          1
       g2000 |     20000    .8625483    .2743237          0          1
       p2004 |     20000    .4208574    .4440547          0          1
       p2002 |     20000    .4103527    .4341791          0          1
-------------+--------------------------------------------------------
       p2000 |     20000    .2629008    .3923463          0          1
         sex |     20000    .5013561    .2740203          0          1
         yob |     20000    1954.756    12.82536       1908       1986


. 
. ****MNL reported on p.37 of APSR article****
. mlogit treatment hh_size g2002 g2000 p2004 p2002 p2000 sex yob, baseoutcome(0)

Iteration 0:   log likelihood = -234562.64
Iteration 1:   log likelihood = -234553.33
Iteration 2:   log likelihood = -234553.33

Multinomial logistic regression                   Number of obs   =     180002
                                                  LR chi2(32)     =      18.62
                                                  Prob > chi2     =     0.9713
Log likelihood = -234553.33                       Pseudo R2       =     0.0000

------------------------------------------------------------------------------
   treatment |      Coef.   Std. Err.      z    P>|z|     [95% Conf. Interval]
-------------+----------------------------------------------------------------
1            |
     hh_size |  -.0059313   .0117652    -0.50   0.614    -.0289906     .017128
       g2002 |   .0122101   .0280232     0.44   0.663    -.0427144    .0671346
       g2000 |    .006819   .0303929     0.22   0.822    -.0527499     .066388
       p2004 |    .012395   .0179441     0.69   0.490    -.0227748    .0475648
       p2002 |   .0171646     .01847     0.93   0.353    -.0190359    .0533651
       p2000 |  -.0100151   .0199187    -0.50   0.615     -.049055    .0290248
         sex |   .0132502   .0283508     0.47   0.640    -.0423165    .0688168
         yob |   .0008284   .0006391     1.30   0.195    -.0004243     .002081
       _cons |  -3.249598   1.248207    -2.60   0.009     -5.69604   -.8031567
-------------+----------------------------------------------------------------
2            |
     hh_size |  -.0075742   .0117589    -0.64   0.519    -.0306212    .0154728
       g2002 |   .0256138   .0280892     0.91   0.362      -.02944    .0806675
       g2000 |  -.0188516   .0302612    -0.62   0.533    -.0781625    .0404592
       p2004 |  -.0064745   .0179615    -0.36   0.718    -.0416783    .0287294
       p2002 |   .0030378   .0184806     0.16   0.869    -.0331835    .0392592
       p2000 |   .0124221   .0198573     0.63   0.532    -.0264975    .0513417
         sex |   .0066529   .0283541     0.23   0.814      -.04892    .0622259
         yob |    .001014   .0006395     1.59   0.113    -.0002395    .0022675
       _cons |  -3.587285   1.249075    -2.87   0.004    -6.035427   -1.139142
-------------+----------------------------------------------------------------
3            |
     hh_size |  -.0027123   .0117673    -0.23   0.818    -.0257759    .0203513
       g2002 |    .015651   .0279784     0.56   0.576    -.0391857    .0704877
       g2000 |  -.0172155    .030216    -0.57   0.569    -.0764377    .0420067
       p2004 |   .0277034   .0179297     1.55   0.122    -.0074381    .0628449
       p2002 |   -.010733   .0184955    -0.58   0.562    -.0469834    .0255175
       p2000 |  -.0095923   .0199225    -0.48   0.630    -.0486397     .029455
         sex |   .0303828   .0283564     1.07   0.284    -.0251946    .0859603
         yob |  -.0001985   .0006376    -0.31   0.756    -.0014481    .0010512
       _cons |  -1.234508   1.245033    -0.99   0.321    -3.674727    1.205711
-------------+----------------------------------------------------------------
4            |
     hh_size |  -.0061854   .0117424    -0.53   0.598       -.0292    .0168292
       g2002 |    .020263   .0280176     0.72   0.470    -.0346504    .0751764
       g2000 |   -.054716   .0299482    -1.83   0.068    -.1134132    .0039813
       p2004 |   .0211005   .0179392     1.18   0.240    -.0140597    .0562606
       p2002 |   .0123491   .0184803     0.67   0.504    -.0238716    .0485698
       p2000 |  -.0078178    .019933    -0.39   0.695    -.0468858    .0312502
         sex |  -.0116001   .0283323    -0.41   0.682    -.0671304    .0439302
         yob |   .0003719   .0006384     0.58   0.560    -.0008794    .0016232
       _cons |  -2.300267   1.246765    -1.84   0.065    -4.743881    .1433476
------------------------------------------------------------------------------
(treatment==0 is the base outcome)

. save "\\odin\desktops\larimerc\Desktop\Replication Dataset for Gerber et al 2008 APSR Social Pressure Study-household level.dta"
file \\odin\desktops\larimerc\Desktop\Replication Dataset for Gerber et al 2008 APSR Social Pressure Study-household level.dta saved

. 
. ****Table 2****
. use "\\odin\desktops\larimerc\Desktop\Replication Dataset for Gerber et al 2008 APSR Social Pressure Study.dta", clear

. tabulate voted treatment

  Voted in |
    August |
      2006 |                   Experimental Group
   Primary |   Control   Hawthorn   Civic Du   Neighbor       Self |     Total
-----------+-------------------------------------------------------+----------
        No |   134,513     25,888     26,197     23,763     25,027 |   235,388 
       Yes |    56,730     12,316     12,021     14,438     13,191 |   108,696 
-----------+-------------------------------------------------------+----------
     Total |   191,243     38,204     38,218     38,201     38,218 |   344,084 


. 
. ****Table 3****
. gen control = treatment==0

. gen hawthorne = treatment==1

. gen civicduty = treatment==2

. gen neighbors = treatment==3

. gen self = treatment==4

. 
. ****Table 3, model a****
. regress voted civicduty hawthorne self neighbors, robust cluster(hh_id)

Linear regression                                      Number of obs =  344084
                                                       F(  4,180001) =  178.22
                                                       Prob > F      =  0.0000
                                                       R-squared     =  0.0034
Number of clusters (hh_id) = 180002                    Root MSE      =  .46409

------------------------------------------------------------------------------
             |               Robust
       voted |      Coef.   Std. Err.      t    P>|t|     [95% Conf. Interval]
-------------+----------------------------------------------------------------
   civicduty |   .0178993   .0032366     5.53   0.000     .0115556    .0242431
   hawthorne |   .0257363   .0032579     7.90   0.000     .0193509    .0321217
        self |   .0485132      .0033    14.70   0.000     .0420452    .0549812
   neighbors |   .0813099   .0033696    24.13   0.000     .0747057    .0879142
       _cons |   .2966383   .0013096   226.52   0.000     .2940716     .299205
------------------------------------------------------------------------------

. 
. ****Table 3, model b****
. areg voted civicduty hawthorne self neighbors, absorb(cluster) robust cluster(hh_id)

Linear regression, absorbing indicators                Number of obs =  344084
                                                       F(  4,180001) =  209.21
                                                       Prob > F      =  0.0000
                                                       R-squared     =  0.1054
                                                       Adj R-squared =  0.1054
                                                       Root MSE      =  .44623

                             (Std. Err. adjusted for 180002 clusters in hh_id)
------------------------------------------------------------------------------
             |               Robust
       voted |      Coef.   Std. Err.      t    P>|t|     [95% Conf. Interval]
-------------+----------------------------------------------------------------
   civicduty |   .0180419   .0030111     5.99   0.000     .0121402    .0239436
   hawthorne |   .0261569   .0030197     8.66   0.000     .0202384    .0320754
        self |   .0488847   .0030631    15.96   0.000     .0428812    .0548883
   neighbors |   .0818376    .003134    26.11   0.000     .0756951    .0879802
       _cons |   .2964759   .0012141   244.20   0.000     .2940964    .2988554
-------------+----------------------------------------------------------------
     cluster |   absorbed                                   (10000 categories)

. 
. ****Table 3, model c****
. areg voted civicduty hawthorne self neighbors g2002 g2000 p2004 p2004 p2002 p2000, absorb(cluster) robust cluster(hh_id)

Linear regression, absorbing indicators                Number of obs =  344084
                                                       F(  9,180001) = 3076.61
                                                       Prob > F      =  0.0000
                                                       R-squared     =  0.1715
                                                       Adj R-squared =  0.1715
                                                       Root MSE      =  .42942

                             (Std. Err. adjusted for 180002 clusters in hh_id)
------------------------------------------------------------------------------
             |               Robust
       voted |      Coef.   Std. Err.      t    P>|t|     [95% Conf. Interval]
-------------+----------------------------------------------------------------
   civicduty |   .0181627   .0029043     6.25   0.000     .0124703     .023855
   hawthorne |    .025039   .0029008     8.63   0.000     .0193535    .0307244
        self |   .0481918   .0029504    16.33   0.000     .0424091    .0539745
   neighbors |   .0812987   .0030076    27.03   0.000     .0754039    .0871936
       g2002 |   .0949944   .0021147    44.92   0.000     .0908497    .0991391
       g2000 |   .0015071   .0023063     0.65   0.513    -.0030132    .0060275
       p2004 |   .1718809   .0018773    91.56   0.000     .1682016    .1755603
       p2004 |  (dropped)
       p2002 |   .1227268   .0018482    66.40   0.000     .1191043    .1263493
       p2000 |   .0987564   .0020999    47.03   0.000     .0946407    .1028721
       _cons |    .076673   .0020603    37.21   0.000     .0726348    .0807113
-------------+----------------------------------------------------------------
     cluster |   absorbed                                   (10000 categories)

. 
. 
. 
. 
. 
. 
. 
. 
end of do-file

. log close
       log:  \\odin\desktops\larimerc\Desktop\Replication Dataset for Gerber et al 2008 APSR Social Pressure Study.log
  log type:  text
 closed on:  28 May 2008, 10:46:23
------------------------------------------------------------------------------------------------------------------------------------------------------------------------------------------------------------
